==32177== Memcheck, a memory error detector
==32177== Copyright (C) 2002-2013, and GNU GPL'd, by Julian Seward et al.
==32177== Using Valgrind-3.10.1 and LibVEX; rerun with -h for copyright info
==32177== Command: /home/aburic1/workspace/TP/T7/Z2/.runme
==32177== Parent PID: 32168
==32177== 
==32177== Conditional jump or move depends on uninitialised value(s)
==32177==    at 0x400C2B: main (main.cpp:11)
==32177== 
==32177== Conditional jump or move depends on uninitialised value(s)
==32177==    at 0x4C2B7AD: operator new[](unsigned long) (in /usr/lib/valgrind/vgpreload_memcheck-amd64-linux.so)
==32177==    by 0x400C41: main (main.cpp:11)
==32177== 
==32177== Conditional jump or move depends on uninitialised value(s)
==32177==    at 0x400CC5: main (main.cpp:12)
==32177== 
==32177== 
==32177== HEAP SUMMARY:
==32177==     in use at exit: 33,604,957 bytes in 1,030 blocks
==32177==   total heap usage: 1,030 allocs, 0 frees, 33,604,957 bytes allocated
==32177== 
==32177== LEAK SUMMARY:
==32177==    definitely lost: 0 bytes in 0 blocks
==32177==    indirectly lost: 0 bytes in 0 blocks
==32177==      possibly lost: 0 bytes in 0 blocks
==32177==    still reachable: 33,604,957 bytes in 1,030 blocks
==32177==         suppressed: 0 bytes in 0 blocks
==32177== Reachable blocks (those to which a pointer was found) are not shown.
==32177== To see them, rerun with: --leak-check=full --show-leak-kinds=all
==32177== 
==32177== For counts of detected and suppressed errors, rerun with: -v
==32177== Use --track-origins=yes to see where uninitialised values come from
==32177== ERROR SUMMARY: 1032 errors from 3 contexts (suppressed: 0 from 0)
