==12356== Memcheck, a memory error detector
==12356== Copyright (C) 2002-2013, and GNU GPL'd, by Julian Seward et al.
==12356== Using Valgrind-3.10.1 and LibVEX; rerun with -h for copyright info
==12356== Command: /home/aburic1/workspace/TP/T5/Z5/.runme
==12356== Parent PID: 12291
==12356== 
==12356== 
==12356== Process terminating with default action of signal 24 (SIGXCPU): dumping core
==12356==    at 0x400B64: main::{lambda(double)#1}::_FUN(double) (main.cpp:24)
==12356==    by 0x400A93: TrapeznoPravilo(double (*)(double), double, double, int) (main.cpp:10)
==12356==    by 0x400EC4: main (main.cpp:24)
==12356== 
==12356== HEAP SUMMARY:
==12356==     in use at exit: 0 bytes in 0 blocks
==12356==   total heap usage: 0 allocs, 0 frees, 0 bytes allocated
==12356== 
==12356== All heap blocks were freed -- no leaks are possible
==12356== 
==12356== For counts of detected and suppressed errors, rerun with: -v
==12356== ERROR SUMMARY: 0 errors from 0 contexts (suppressed: 0 from 0)
