==28561== Memcheck, a memory error detector
==28561== Copyright (C) 2002-2013, and GNU GPL'd, by Julian Seward et al.
==28561== Using Valgrind-3.10.1 and LibVEX; rerun with -h for copyright info
==28561== Command: /home/aburic1/workspace/TP/T7/Z1/.runme
==28561== Parent PID: 28511
==28561== 
==28561== Conditional jump or move depends on uninitialised value(s)
==28561==    at 0x400B6C: main (main.cpp:11)
==28561== 
==28561== Conditional jump or move depends on uninitialised value(s)
==28561==    at 0x4C2B7AD: operator new[](unsigned long) (in /usr/lib/valgrind/vgpreload_memcheck-amd64-linux.so)
==28561==    by 0x400B82: main (main.cpp:11)
==28561== 
==28561== Conditional jump or move depends on uninitialised value(s)
==28561==    at 0x400C06: main (main.cpp:12)
==28561== 
==28561== Conditional jump or move depends on uninitialised value(s)
==28561==    at 0x400CA8: main (main.cpp:18)
==28561== 
==28561== Conditional jump or move depends on uninitialised value(s)
==28561==    at 0x400CF2: main (main.cpp:22)
==28561== 
==28561== 
==28561== HEAP SUMMARY:
==28561==     in use at exit: 0 bytes in 1 blocks
==28561==   total heap usage: 1 allocs, 0 frees, 0 bytes allocated
==28561== 
==28561== 0 bytes in 1 blocks are definitely lost in loss record 1 of 1
==28561==    at 0x4C2B800: operator new[](unsigned long) (in /usr/lib/valgrind/vgpreload_memcheck-amd64-linux.so)
==28561==    by 0x400B82: main (main.cpp:11)
==28561== 
==28561== LEAK SUMMARY:
==28561==    definitely lost: 0 bytes in 1 blocks
==28561==    indirectly lost: 0 bytes in 0 blocks
==28561==      possibly lost: 0 bytes in 0 blocks
==28561==    still reachable: 0 bytes in 0 blocks
==28561==         suppressed: 0 bytes in 0 blocks
==28561== 
==28561== For counts of detected and suppressed errors, rerun with: -v
==28561== Use --track-origins=yes to see where uninitialised values come from
==28561== ERROR SUMMARY: 6 errors from 6 contexts (suppressed: 0 from 0)
