==12064== Memcheck, a memory error detector
==12064== Copyright (C) 2002-2013, and GNU GPL'd, by Julian Seward et al.
==12064== Using Valgrind-3.10.1 and LibVEX; rerun with -h for copyright info
==12064== Command: /home/aburic1/workspace/TP/T6/Z4/.runme
==12064== Parent PID: 12059
==12064== 
==12064== 
==12064== HEAP SUMMARY:
==12064==     in use at exit: 168 bytes in 8 blocks
==12064==   total heap usage: 13 allocs, 5 frees, 288 bytes allocated
==12064== 
==12064== LEAK SUMMARY:
==12064==    definitely lost: 0 bytes in 0 blocks
==12064==    indirectly lost: 0 bytes in 0 blocks
==12064==      possibly lost: 0 bytes in 0 blocks
==12064==    still reachable: 168 bytes in 8 blocks
==12064==         suppressed: 0 bytes in 0 blocks
==12064== Reachable blocks (those to which a pointer was found) are not shown.
==12064== To see them, rerun with: --leak-check=full --show-leak-kinds=all
==12064== 
==12064== For counts of detected and suppressed errors, rerun with: -v
==12064== ERROR SUMMARY: 0 errors from 0 contexts (suppressed: 0 from 0)
