==2302== Memcheck, a memory error detector
==2302== Copyright (C) 2002-2013, and GNU GPL'd, by Julian Seward et al.
==2302== Using Valgrind-3.10.1 and LibVEX; rerun with -h for copyright info
==2302== Command: /rhome/a/aburic1/workspace/TP/Z4/Z2/.runme
==2302== Parent PID: 2292
==2302== 
==2302== Conditional jump or move depends on uninitialised value(s)
==2302==    at 0x4020A3: main (main.cpp:142)
==2302== 
==2302== Conditional jump or move depends on uninitialised value(s)
==2302==    at 0x403A70: double const& std::min<double>(double const&, double const&) (stl_algobase.h:198)
==2302==    by 0x401700: NepreklapajuciPravougaonik::Postavi(Tacka const&, Tacka const&) (main.cpp:73)
==2302==    by 0x4037F2: NepreklapajuciPravougaonik::NepreklapajuciPravougaonik(Tacka const&, Tacka const&) (main.cpp:24)
==2302==    by 0x405749: _ZN9__gnu_cxx13new_allocatorI26NepreklapajuciPravougaonikE9constructIS1_I5TackaS4_EEEvPT_DpOT0_ (in /rhome/a/aburic1/workspace/TP/Z4/Z2/.runme)
==2302==    by 0x4056DE: _ZNSt16allocator_traitsISaI26NepreklapajuciPravougaonikEE12_S_constructIS0_I5TackaS4_EEENSt9enable_ifIXsrNS2_18__construct_helperIT_IDpT0_EEE5valueEvE4typeERS1_PS7_DpOS8_ (alloc_traits.h:254)
==2302==    by 0x40568D: _ZNSt16allocator_traitsISaI26NepreklapajuciPravougaonikEE9constructIS0_I5TackaS4_EEEDTcl12_S_constructfp_fp0_spcl7forwardIT0_Efp1_EEERS1_PT_DpOS5_ (alloc_traits.h:393)
==2302==    by 0x40557A: std::_Sp_counted_ptr_inplace<NepreklapajuciPravougaonik, std::allocator<NepreklapajuciPravougaonik>, (__gnu_cxx::_Lock_policy)2>::_Sp_counted_ptr_inplace<Tacka, Tacka>(std::allocator<NepreklapajuciPravougaonik>, Tacka&&, Tacka&&) (shared_ptr_base.h:399)
==2302==    by 0x405410: _ZN9__gnu_cxx13new_allocatorISt23_Sp_counted_ptr_inplaceI26NepreklapajuciPravougaonikSaIS2_ELNS_12_Lock_policyE2EEE9constructIS5_IKS3_5TackaS9_EEEvPT_DpOT0_ (in /rhome/a/aburic1/workspace/TP/Z4/Z2/.runme)
==2302==    by 0x4051A3: _ZNSt16allocator_traitsISaISt23_Sp_counted_ptr_inplaceI26NepreklapajuciPravougaonikSaIS1_ELN9__gnu_cxx12_Lock_policyE2EEEE12_S_constructIS5_IKS2_5TackaSA_EEENSt9enable_ifIXsrNS7_18__construct_helperIT_IDpT0_EEE5valueEvE4typeERS6_PSD_DpOSE_ (alloc_traits.h:254)
==2302==    by 0x404F2F: _ZNSt16allocator_traitsISaISt23_Sp_counted_ptr_inplaceI26NepreklapajuciPravougaonikSaIS1_ELN9__gnu_cxx12_Lock_policyE2EEEE9constructIS5_IKS2_5TackaSA_EEEDTcl12_S_constructfp_fp0_spcl7forwardIT0_Efp1_EEERS6_PT_DpOSB_ (alloc_traits.h:393)
==2302==    by 0x404B34: std::__shared_count<(__gnu_cxx::_Lock_policy)2>::__shared_count<NepreklapajuciPravougaonik, std::allocator<NepreklapajuciPravougaonik>, Tacka, Tacka>(std::_Sp_make_shared_tag, NepreklapajuciPravougaonik*, std::allocator<NepreklapajuciPravougaonik> const&, Tacka&&, Tacka&&) (shared_ptr_base.h:502)
==2302==    by 0x404756: std::__shared_ptr<NepreklapajuciPravougaonik, (__gnu_cxx::_Lock_policy)2>::__shared_ptr<std::allocator<NepreklapajuciPravougaonik>, Tacka, Tacka>(std::_Sp_make_shared_tag, std::allocator<NepreklapajuciPravougaonik> const&, Tacka&&, Tacka&&) (shared_ptr_base.h:957)
==2302== 
==2302== Conditional jump or move depends on uninitialised value(s)
==2302==    at 0x403A70: double const& std::min<double>(double const&, double const&) (stl_algobase.h:198)
==2302==    by 0x401722: NepreklapajuciPravougaonik::Postavi(Tacka const&, Tacka const&) (main.cpp:73)
==2302==    by 0x4037F2: NepreklapajuciPravougaonik::NepreklapajuciPravougaonik(Tacka const&, Tacka const&) (main.cpp:24)
==2302==    by 0x405749: _ZN9__gnu_cxx13new_allocatorI26NepreklapajuciPravougaonikE9constructIS1_I5TackaS4_EEEvPT_DpOT0_ (in /rhome/a/aburic1/workspace/TP/Z4/Z2/.runme)
==2302==    by 0x4056DE: _ZNSt16allocator_traitsISaI26NepreklapajuciPravougaonikEE12_S_constructIS0_I5TackaS4_EEENSt9enable_ifIXsrNS2_18__construct_helperIT_IDpT0_EEE5valueEvE4typeERS1_PS7_DpOS8_ (alloc_traits.h:254)
==2302==    by 0x40568D: _ZNSt16allocator_traitsISaI26NepreklapajuciPravougaonikEE9constructIS0_I5TackaS4_EEEDTcl12_S_constructfp_fp0_spcl7forwardIT0_Efp1_EEERS1_PT_DpOS5_ (alloc_traits.h:393)
==2302==    by 0x40557A: std::_Sp_counted_ptr_inplace<NepreklapajuciPravougaonik, std::allocator<NepreklapajuciPravougaonik>, (__gnu_cxx::_Lock_policy)2>::_Sp_counted_ptr_inplace<Tacka, Tacka>(std::allocator<NepreklapajuciPravougaonik>, Tacka&&, Tacka&&) (shared_ptr_base.h:399)
==2302==    by 0x405410: _ZN9__gnu_cxx13new_allocatorISt23_Sp_counted_ptr_inplaceI26NepreklapajuciPravougaonikSaIS2_ELNS_12_Lock_policyE2EEE9constructIS5_IKS3_5TackaS9_EEEvPT_DpOT0_ (in /rhome/a/aburic1/workspace/TP/Z4/Z2/.runme)
==2302==    by 0x4051A3: _ZNSt16allocator_traitsISaISt23_Sp_counted_ptr_inplaceI26NepreklapajuciPravougaonikSaIS1_ELN9__gnu_cxx12_Lock_policyE2EEEE12_S_constructIS5_IKS2_5TackaSA_EEENSt9enable_ifIXsrNS7_18__construct_helperIT_IDpT0_EEE5valueEvE4typeERS6_PSD_DpOSE_ (alloc_traits.h:254)
==2302==    by 0x404F2F: _ZNSt16allocator_traitsISaISt23_Sp_counted_ptr_inplaceI26NepreklapajuciPravougaonikSaIS1_ELN9__gnu_cxx12_Lock_policyE2EEEE9constructIS5_IKS2_5TackaSA_EEEDTcl12_S_constructfp_fp0_spcl7forwardIT0_Efp1_EEERS6_PT_DpOSB_ (alloc_traits.h:393)
==2302==    by 0x404B34: std::__shared_count<(__gnu_cxx::_Lock_policy)2>::__shared_count<NepreklapajuciPravougaonik, std::allocator<NepreklapajuciPravougaonik>, Tacka, Tacka>(std::_Sp_make_shared_tag, NepreklapajuciPravougaonik*, std::allocator<NepreklapajuciPravougaonik> const&, Tacka&&, Tacka&&) (shared_ptr_base.h:502)
==2302==    by 0x404756: std::__shared_ptr<NepreklapajuciPravougaonik, (__gnu_cxx::_Lock_policy)2>::__shared_ptr<std::allocator<NepreklapajuciPravougaonik>, Tacka, Tacka>(std::_Sp_make_shared_tag, std::allocator<NepreklapajuciPravougaonik> const&, Tacka&&, Tacka&&) (shared_ptr_base.h:957)
==2302== 
==2302== Conditional jump or move depends on uninitialised value(s)
==2302==    at 0x403A42: double const& std::max<double>(double const&, double const&) (stl_algobase.h:221)
==2302==    by 0x40173C: NepreklapajuciPravougaonik::Postavi(Tacka const&, Tacka const&) (main.cpp:74)
==2302==    by 0x4037F2: NepreklapajuciPravougaonik::NepreklapajuciPravougaonik(Tacka const&, Tacka const&) (main.cpp:24)
==2302==    by 0x405749: _ZN9__gnu_cxx13new_allocatorI26NepreklapajuciPravougaonikE9constructIS1_I5TackaS4_EEEvPT_DpOT0_ (in /rhome/a/aburic1/workspace/TP/Z4/Z2/.runme)
==2302==    by 0x4056DE: _ZNSt16allocator_traitsISaI26NepreklapajuciPravougaonikEE12_S_constructIS0_I5TackaS4_EEENSt9enable_ifIXsrNS2_18__construct_helperIT_IDpT0_EEE5valueEvE4typeERS1_PS7_DpOS8_ (alloc_traits.h:254)
==2302==    by 0x40568D: _ZNSt16allocator_traitsISaI26NepreklapajuciPravougaonikEE9constructIS0_I5TackaS4_EEEDTcl12_S_constructfp_fp0_spcl7forwardIT0_Efp1_EEERS1_PT_DpOS5_ (alloc_traits.h:393)
==2302==    by 0x40557A: std::_Sp_counted_ptr_inplace<NepreklapajuciPravougaonik, std::allocator<NepreklapajuciPravougaonik>, (__gnu_cxx::_Lock_policy)2>::_Sp_counted_ptr_inplace<Tacka, Tacka>(std::allocator<NepreklapajuciPravougaonik>, Tacka&&, Tacka&&) (shared_ptr_base.h:399)
==2302==    by 0x405410: _ZN9__gnu_cxx13new_allocatorISt23_Sp_counted_ptr_inplaceI26NepreklapajuciPravougaonikSaIS2_ELNS_12_Lock_policyE2EEE9constructIS5_IKS3_5TackaS9_EEEvPT_DpOT0_ (in /rhome/a/aburic1/workspace/TP/Z4/Z2/.runme)
==2302==    by 0x4051A3: _ZNSt16allocator_traitsISaISt23_Sp_counted_ptr_inplaceI26NepreklapajuciPravougaonikSaIS1_ELN9__gnu_cxx12_Lock_policyE2EEEE12_S_constructIS5_IKS2_5TackaSA_EEENSt9enable_ifIXsrNS7_18__construct_helperIT_IDpT0_EEE5valueEvE4typeERS6_PSD_DpOSE_ (alloc_traits.h:254)
==2302==    by 0x404F2F: _ZNSt16allocator_traitsISaISt23_Sp_counted_ptr_inplaceI26NepreklapajuciPravougaonikSaIS1_ELN9__gnu_cxx12_Lock_policyE2EEEE9constructIS5_IKS2_5TackaSA_EEEDTcl12_S_constructfp_fp0_spcl7forwardIT0_Efp1_EEERS6_PT_DpOSB_ (alloc_traits.h:393)
==2302==    by 0x404B34: std::__shared_count<(__gnu_cxx::_Lock_policy)2>::__shared_count<NepreklapajuciPravougaonik, std::allocator<NepreklapajuciPravougaonik>, Tacka, Tacka>(std::_Sp_make_shared_tag, NepreklapajuciPravougaonik*, std::allocator<NepreklapajuciPravougaonik> const&, Tacka&&, Tacka&&) (shared_ptr_base.h:502)
==2302==    by 0x404756: std::__shared_ptr<NepreklapajuciPravougaonik, (__gnu_cxx::_Lock_policy)2>::__shared_ptr<std::allocator<NepreklapajuciPravougaonik>, Tacka, Tacka>(std::_Sp_make_shared_tag, std::allocator<NepreklapajuciPravougaonik> const&, Tacka&&, Tacka&&) (shared_ptr_base.h:957)
==2302== 
==2302== Conditional jump or move depends on uninitialised value(s)
==2302==    at 0x403A42: double const& std::max<double>(double const&, double const&) (stl_algobase.h:221)
==2302==    by 0x40175E: NepreklapajuciPravougaonik::Postavi(Tacka const&, Tacka const&) (main.cpp:74)
==2302==    by 0x4037F2: NepreklapajuciPravougaonik::NepreklapajuciPravougaonik(Tacka const&, Tacka const&) (main.cpp:24)
==2302==    by 0x405749: _ZN9__gnu_cxx13new_allocatorI26NepreklapajuciPravougaonikE9constructIS1_I5TackaS4_EEEvPT_DpOT0_ (in /rhome/a/aburic1/workspace/TP/Z4/Z2/.runme)
==2302==    by 0x4056DE: _ZNSt16allocator_traitsISaI26NepreklapajuciPravougaonikEE12_S_constructIS0_I5TackaS4_EEENSt9enable_ifIXsrNS2_18__construct_helperIT_IDpT0_EEE5valueEvE4typeERS1_PS7_DpOS8_ (alloc_traits.h:254)
==2302==    by 0x40568D: _ZNSt16allocator_traitsISaI26NepreklapajuciPravougaonikEE9constructIS0_I5TackaS4_EEEDTcl12_S_constructfp_fp0_spcl7forwardIT0_Efp1_EEERS1_PT_DpOS5_ (alloc_traits.h:393)
==2302==    by 0x40557A: std::_Sp_counted_ptr_inplace<NepreklapajuciPravougaonik, std::allocator<NepreklapajuciPravougaonik>, (__gnu_cxx::_Lock_policy)2>::_Sp_counted_ptr_inplace<Tacka, Tacka>(std::allocator<NepreklapajuciPravougaonik>, Tacka&&, Tacka&&) (shared_ptr_base.h:399)
==2302==    by 0x405410: _ZN9__gnu_cxx13new_allocatorISt23_Sp_counted_ptr_inplaceI26NepreklapajuciPravougaonikSaIS2_ELNS_12_Lock_policyE2EEE9constructIS5_IKS3_5TackaS9_EEEvPT_DpOT0_ (in /rhome/a/aburic1/workspace/TP/Z4/Z2/.runme)
==2302==    by 0x4051A3: _ZNSt16allocator_traitsISaISt23_Sp_counted_ptr_inplaceI26NepreklapajuciPravougaonikSaIS1_ELN9__gnu_cxx12_Lock_policyE2EEEE12_S_constructIS5_IKS2_5TackaSA_EEENSt9enable_ifIXsrNS7_18__construct_helperIT_IDpT0_EEE5valueEvE4typeERS6_PSD_DpOSE_ (alloc_traits.h:254)
==2302==    by 0x404F2F: _ZNSt16allocator_traitsISaISt23_Sp_counted_ptr_inplaceI26NepreklapajuciPravougaonikSaIS1_ELN9__gnu_cxx12_Lock_policyE2EEEE9constructIS5_IKS2_5TackaSA_EEEDTcl12_S_constructfp_fp0_spcl7forwardIT0_Efp1_EEERS6_PT_DpOSB_ (alloc_traits.h:393)
==2302==    by 0x404B34: std::__shared_count<(__gnu_cxx::_Lock_policy)2>::__shared_count<NepreklapajuciPravougaonik, std::allocator<NepreklapajuciPravougaonik>, Tacka, Tacka>(std::_Sp_make_shared_tag, NepreklapajuciPravougaonik*, std::allocator<NepreklapajuciPravougaonik> const&, Tacka&&, Tacka&&) (shared_ptr_base.h:502)
==2302==    by 0x404756: std::__shared_ptr<NepreklapajuciPravougaonik, (__gnu_cxx::_Lock_policy)2>::__shared_ptr<std::allocator<NepreklapajuciPravougaonik>, Tacka, Tacka>(std::_Sp_make_shared_tag, std::allocator<NepreklapajuciPravougaonik> const&, Tacka&&, Tacka&&) (shared_ptr_base.h:957)
==2302== 
==2302== Conditional jump or move depends on uninitialised value(s)
==2302==    at 0x403A42: double const& std::max<double>(double const&, double const&) (stl_algobase.h:221)
==2302==    by 0x40153B: NepreklapajuciPravougaonik::TestPreklapanja(Tacka const&, Tacka const&) (main.cpp:54)
==2302==    by 0x40177C: NepreklapajuciPravougaonik::Postavi(Tacka const&, Tacka const&) (main.cpp:75)
==2302==    by 0x4037F2: NepreklapajuciPravougaonik::NepreklapajuciPravougaonik(Tacka const&, Tacka const&) (main.cpp:24)
==2302==    by 0x405749: _ZN9__gnu_cxx13new_allocatorI26NepreklapajuciPravougaonikE9constructIS1_I5TackaS4_EEEvPT_DpOT0_ (in /rhome/a/aburic1/workspace/TP/Z4/Z2/.runme)
==2302==    by 0x4056DE: _ZNSt16allocator_traitsISaI26NepreklapajuciPravougaonikEE12_S_constructIS0_I5TackaS4_EEENSt9enable_ifIXsrNS2_18__construct_helperIT_IDpT0_EEE5valueEvE4typeERS1_PS7_DpOS8_ (alloc_traits.h:254)
==2302==    by 0x40568D: _ZNSt16allocator_traitsISaI26NepreklapajuciPravougaonikEE9constructIS0_I5TackaS4_EEEDTcl12_S_constructfp_fp0_spcl7forwardIT0_Efp1_EEERS1_PT_DpOS5_ (alloc_traits.h:393)
==2302==    by 0x40557A: std::_Sp_counted_ptr_inplace<NepreklapajuciPravougaonik, std::allocator<NepreklapajuciPravougaonik>, (__gnu_cxx::_Lock_policy)2>::_Sp_counted_ptr_inplace<Tacka, Tacka>(std::allocator<NepreklapajuciPravougaonik>, Tacka&&, Tacka&&) (shared_ptr_base.h:399)
==2302==    by 0x405410: _ZN9__gnu_cxx13new_allocatorISt23_Sp_counted_ptr_inplaceI26NepreklapajuciPravougaonikSaIS2_ELNS_12_Lock_policyE2EEE9constructIS5_IKS3_5TackaS9_EEEvPT_DpOT0_ (in /rhome/a/aburic1/workspace/TP/Z4/Z2/.runme)
==2302==    by 0x4051A3: _ZNSt16allocator_traitsISaISt23_Sp_counted_ptr_inplaceI26NepreklapajuciPravougaonikSaIS1_ELN9__gnu_cxx12_Lock_policyE2EEEE12_S_constructIS5_IKS2_5TackaSA_EEENSt9enable_ifIXsrNS7_18__construct_helperIT_IDpT0_EEE5valueEvE4typeERS6_PSD_DpOSE_ (alloc_traits.h:254)
==2302==    by 0x404F2F: _ZNSt16allocator_traitsISaISt23_Sp_counted_ptr_inplaceI26NepreklapajuciPravougaonikSaIS1_ELN9__gnu_cxx12_Lock_policyE2EEEE9constructIS5_IKS2_5TackaSA_EEEDTcl12_S_constructfp_fp0_spcl7forwardIT0_Efp1_EEERS6_PT_DpOSB_ (alloc_traits.h:393)
==2302==    by 0x404B34: std::__shared_count<(__gnu_cxx::_Lock_policy)2>::__shared_count<NepreklapajuciPravougaonik, std::allocator<NepreklapajuciPravougaonik>, Tacka, Tacka>(std::_Sp_make_shared_tag, NepreklapajuciPravougaonik*, std::allocator<NepreklapajuciPravougaonik> const&, Tacka&&, Tacka&&) (shared_ptr_base.h:502)
==2302== 
==2302== Conditional jump or move depends on uninitialised value(s)
==2302==    at 0x403A70: double const& std::min<double>(double const&, double const&) (stl_algobase.h:198)
==2302==    by 0x40155B: NepreklapajuciPravougaonik::TestPreklapanja(Tacka const&, Tacka const&) (main.cpp:54)
==2302==    by 0x40177C: NepreklapajuciPravougaonik::Postavi(Tacka const&, Tacka const&) (main.cpp:75)
==2302==    by 0x4037F2: NepreklapajuciPravougaonik::NepreklapajuciPravougaonik(Tacka const&, Tacka const&) (main.cpp:24)
==2302==    by 0x405749: _ZN9__gnu_cxx13new_allocatorI26NepreklapajuciPravougaonikE9constructIS1_I5TackaS4_EEEvPT_DpOT0_ (in /rhome/a/aburic1/workspace/TP/Z4/Z2/.runme)
==2302==    by 0x4056DE: _ZNSt16allocator_traitsISaI26NepreklapajuciPravougaonikEE12_S_constructIS0_I5TackaS4_EEENSt9enable_ifIXsrNS2_18__construct_helperIT_IDpT0_EEE5valueEvE4typeERS1_PS7_DpOS8_ (alloc_traits.h:254)
==2302==    by 0x40568D: _ZNSt16allocator_traitsISaI26NepreklapajuciPravougaonikEE9constructIS0_I5TackaS4_EEEDTcl12_S_constructfp_fp0_spcl7forwardIT0_Efp1_EEERS1_PT_DpOS5_ (alloc_traits.h:393)
==2302==    by 0x40557A: std::_Sp_counted_ptr_inplace<NepreklapajuciPravougaonik, std::allocator<NepreklapajuciPravougaonik>, (__gnu_cxx::_Lock_policy)2>::_Sp_counted_ptr_inplace<Tacka, Tacka>(std::allocator<NepreklapajuciPravougaonik>, Tacka&&, Tacka&&) (shared_ptr_base.h:399)
==2302==    by 0x405410: _ZN9__gnu_cxx13new_allocatorISt23_Sp_counted_ptr_inplaceI26NepreklapajuciPravougaonikSaIS2_ELNS_12_Lock_policyE2EEE9constructIS5_IKS3_5TackaS9_EEEvPT_DpOT0_ (in /rhome/a/aburic1/workspace/TP/Z4/Z2/.runme)
==2302==    by 0x4051A3: _ZNSt16allocator_traitsISaISt23_Sp_counted_ptr_inplaceI26NepreklapajuciPravougaonikSaIS1_ELN9__gnu_cxx12_Lock_policyE2EEEE12_S_constructIS5_IKS2_5TackaSA_EEENSt9enable_ifIXsrNS7_18__construct_helperIT_IDpT0_EEE5valueEvE4typeERS6_PSD_DpOSE_ (alloc_traits.h:254)
==2302==    by 0x404F2F: _ZNSt16allocator_traitsISaISt23_Sp_counted_ptr_inplaceI26NepreklapajuciPravougaonikSaIS1_ELN9__gnu_cxx12_Lock_policyE2EEEE9constructIS5_IKS2_5TackaSA_EEEDTcl12_S_constructfp_fp0_spcl7forwardIT0_Efp1_EEERS6_PT_DpOSB_ (alloc_traits.h:393)
==2302==    by 0x404B34: std::__shared_count<(__gnu_cxx::_Lock_policy)2>::__shared_count<NepreklapajuciPravougaonik, std::allocator<NepreklapajuciPravougaonik>, Tacka, Tacka>(std::_Sp_make_shared_tag, NepreklapajuciPravougaonik*, std::allocator<NepreklapajuciPravougaonik> const&, Tacka&&, Tacka&&) (shared_ptr_base.h:502)
==2302== 
==2302== Conditional jump or move depends on uninitialised value(s)
==2302==    at 0x401565: NepreklapajuciPravougaonik::TestPreklapanja(Tacka const&, Tacka const&) (main.cpp:54)
==2302==    by 0x40177C: NepreklapajuciPravougaonik::Postavi(Tacka const&, Tacka const&) (main.cpp:75)
==2302==    by 0x4037F2: NepreklapajuciPravougaonik::NepreklapajuciPravougaonik(Tacka const&, Tacka const&) (main.cpp:24)
==2302==    by 0x405749: _ZN9__gnu_cxx13new_allocatorI26NepreklapajuciPravougaonikE9constructIS1_I5TackaS4_EEEvPT_DpOT0_ (in /rhome/a/aburic1/workspace/TP/Z4/Z2/.runme)
==2302==    by 0x4056DE: _ZNSt16allocator_traitsISaI26NepreklapajuciPravougaonikEE12_S_constructIS0_I5TackaS4_EEENSt9enable_ifIXsrNS2_18__construct_helperIT_IDpT0_EEE5valueEvE4typeERS1_PS7_DpOS8_ (alloc_traits.h:254)
==2302==    by 0x40568D: _ZNSt16allocator_traitsISaI26NepreklapajuciPravougaonikEE9constructIS0_I5TackaS4_EEEDTcl12_S_constructfp_fp0_spcl7forwardIT0_Efp1_EEERS1_PT_DpOS5_ (alloc_traits.h:393)
==2302==    by 0x40557A: std::_Sp_counted_ptr_inplace<NepreklapajuciPravougaonik, std::allocator<NepreklapajuciPravougaonik>, (__gnu_cxx::_Lock_policy)2>::_Sp_counted_ptr_inplace<Tacka, Tacka>(std::allocator<NepreklapajuciPravougaonik>, Tacka&&, Tacka&&) (shared_ptr_base.h:399)
==2302==    by 0x405410: _ZN9__gnu_cxx13new_allocatorISt23_Sp_counted_ptr_inplaceI26NepreklapajuciPravougaonikSaIS2_ELNS_12_Lock_policyE2EEE9constructIS5_IKS3_5TackaS9_EEEvPT_DpOT0_ (in /rhome/a/aburic1/workspace/TP/Z4/Z2/.runme)
==2302==    by 0x4051A3: _ZNSt16allocator_traitsISaISt23_Sp_counted_ptr_inplaceI26NepreklapajuciPravougaonikSaIS1_ELN9__gnu_cxx12_Lock_policyE2EEEE12_S_constructIS5_IKS2_5TackaSA_EEENSt9enable_ifIXsrNS7_18__construct_helperIT_IDpT0_EEE5valueEvE4typeERS6_PSD_DpOSE_ (alloc_traits.h:254)
==2302==    by 0x404F2F: _ZNSt16allocator_traitsISaISt23_Sp_counted_ptr_inplaceI26NepreklapajuciPravougaonikSaIS1_ELN9__gnu_cxx12_Lock_policyE2EEEE9constructIS5_IKS2_5TackaSA_EEEDTcl12_S_constructfp_fp0_spcl7forwardIT0_Efp1_EEERS6_PT_DpOSB_ (alloc_traits.h:393)
==2302==    by 0x404B34: std::__shared_count<(__gnu_cxx::_Lock_policy)2>::__shared_count<NepreklapajuciPravougaonik, std::allocator<NepreklapajuciPravougaonik>, Tacka, Tacka>(std::_Sp_make_shared_tag, NepreklapajuciPravougaonik*, std::allocator<NepreklapajuciPravougaonik> const&, Tacka&&, Tacka&&) (shared_ptr_base.h:502)
==2302==    by 0x404756: std::__shared_ptr<NepreklapajuciPravougaonik, (__gnu_cxx::_Lock_policy)2>::__shared_ptr<std::allocator<NepreklapajuciPravougaonik>, Tacka, Tacka>(std::_Sp_make_shared_tag, std::allocator<NepreklapajuciPravougaonik> const&, Tacka&&, Tacka&&) (shared_ptr_base.h:957)
==2302== 
==2302== Conditional jump or move depends on uninitialised value(s)
==2302==    at 0x403A42: double const& std::max<double>(double const&, double const&) (stl_algobase.h:221)
==2302==    by 0x401581: NepreklapajuciPravougaonik::TestPreklapanja(Tacka const&, Tacka const&) (main.cpp:55)
==2302==    by 0x40177C: NepreklapajuciPravougaonik::Postavi(Tacka const&, Tacka const&) (main.cpp:75)
==2302==    by 0x4037F2: NepreklapajuciPravougaonik::NepreklapajuciPravougaonik(Tacka const&, Tacka const&) (main.cpp:24)
==2302==    by 0x405749: _ZN9__gnu_cxx13new_allocatorI26NepreklapajuciPravougaonikE9constructIS1_I5TackaS4_EEEvPT_DpOT0_ (in /rhome/a/aburic1/workspace/TP/Z4/Z2/.runme)
==2302==    by 0x4056DE: _ZNSt16allocator_traitsISaI26NepreklapajuciPravougaonikEE12_S_constructIS0_I5TackaS4_EEENSt9enable_ifIXsrNS2_18__construct_helperIT_IDpT0_EEE5valueEvE4typeERS1_PS7_DpOS8_ (alloc_traits.h:254)
==2302==    by 0x40568D: _ZNSt16allocator_traitsISaI26NepreklapajuciPravougaonikEE9constructIS0_I5TackaS4_EEEDTcl12_S_constructfp_fp0_spcl7forwardIT0_Efp1_EEERS1_PT_DpOS5_ (alloc_traits.h:393)
==2302==    by 0x40557A: std::_Sp_counted_ptr_inplace<NepreklapajuciPravougaonik, std::allocator<NepreklapajuciPravougaonik>, (__gnu_cxx::_Lock_policy)2>::_Sp_counted_ptr_inplace<Tacka, Tacka>(std::allocator<NepreklapajuciPravougaonik>, Tacka&&, Tacka&&) (shared_ptr_base.h:399)
==2302==    by 0x405410: _ZN9__gnu_cxx13new_allocatorISt23_Sp_counted_ptr_inplaceI26NepreklapajuciPravougaonikSaIS2_ELNS_12_Lock_policyE2EEE9constructIS5_IKS3_5TackaS9_EEEvPT_DpOT0_ (in /rhome/a/aburic1/workspace/TP/Z4/Z2/.runme)
==2302==    by 0x4051A3: _ZNSt16allocator_traitsISaISt23_Sp_counted_ptr_inplaceI26NepreklapajuciPravougaonikSaIS1_ELN9__gnu_cxx12_Lock_policyE2EEEE12_S_constructIS5_IKS2_5TackaSA_EEENSt9enable_ifIXsrNS7_18__construct_helperIT_IDpT0_EEE5valueEvE4typeERS6_PSD_DpOSE_ (alloc_traits.h:254)
==2302==    by 0x404F2F: _ZNSt16allocator_traitsISaISt23_Sp_counted_ptr_inplaceI26NepreklapajuciPravougaonikSaIS1_ELN9__gnu_cxx12_Lock_policyE2EEEE9constructIS5_IKS2_5TackaSA_EEEDTcl12_S_constructfp_fp0_spcl7forwardIT0_Efp1_EEERS6_PT_DpOSB_ (alloc_traits.h:393)
==2302==    by 0x404B34: std::__shared_count<(__gnu_cxx::_Lock_policy)2>::__shared_count<NepreklapajuciPravougaonik, std::allocator<NepreklapajuciPravougaonik>, Tacka, Tacka>(std::_Sp_make_shared_tag, NepreklapajuciPravougaonik*, std::allocator<NepreklapajuciPravougaonik> const&, Tacka&&, Tacka&&) (shared_ptr_base.h:502)
==2302== 
==2302== Conditional jump or move depends on uninitialised value(s)
==2302==    at 0x403A70: double const& std::min<double>(double const&, double const&) (stl_algobase.h:198)
==2302==    by 0x4015A5: NepreklapajuciPravougaonik::TestPreklapanja(Tacka const&, Tacka const&) (main.cpp:55)
==2302==    by 0x40177C: NepreklapajuciPravougaonik::Postavi(Tacka const&, Tacka const&) (main.cpp:75)
==2302==    by 0x4037F2: NepreklapajuciPravougaonik::NepreklapajuciPravougaonik(Tacka const&, Tacka const&) (main.cpp:24)
==2302==    by 0x405749: _ZN9__gnu_cxx13new_allocatorI26NepreklapajuciPravougaonikE9constructIS1_I5TackaS4_EEEvPT_DpOT0_ (in /rhome/a/aburic1/workspace/TP/Z4/Z2/.runme)
==2302==    by 0x4056DE: _ZNSt16allocator_traitsISaI26NepreklapajuciPravougaonikEE12_S_constructIS0_I5TackaS4_EEENSt9enable_ifIXsrNS2_18__construct_helperIT_IDpT0_EEE5valueEvE4typeERS1_PS7_DpOS8_ (alloc_traits.h:254)
==2302==    by 0x40568D: _ZNSt16allocator_traitsISaI26NepreklapajuciPravougaonikEE9constructIS0_I5TackaS4_EEEDTcl12_S_constructfp_fp0_spcl7forwardIT0_Efp1_EEERS1_PT_DpOS5_ (alloc_traits.h:393)
==2302==    by 0x40557A: std::_Sp_counted_ptr_inplace<NepreklapajuciPravougaonik, std::allocator<NepreklapajuciPravougaonik>, (__gnu_cxx::_Lock_policy)2>::_Sp_counted_ptr_inplace<Tacka, Tacka>(std::allocator<NepreklapajuciPravougaonik>, Tacka&&, Tacka&&) (shared_ptr_base.h:399)
==2302==    by 0x405410: _ZN9__gnu_cxx13new_allocatorISt23_Sp_counted_ptr_inplaceI26NepreklapajuciPravougaonikSaIS2_ELNS_12_Lock_policyE2EEE9constructIS5_IKS3_5TackaS9_EEEvPT_DpOT0_ (in /rhome/a/aburic1/workspace/TP/Z4/Z2/.runme)
==2302==    by 0x4051A3: _ZNSt16allocator_traitsISaISt23_Sp_counted_ptr_inplaceI26NepreklapajuciPravougaonikSaIS1_ELN9__gnu_cxx12_Lock_policyE2EEEE12_S_constructIS5_IKS2_5TackaSA_EEENSt9enable_ifIXsrNS7_18__construct_helperIT_IDpT0_EEE5valueEvE4typeERS6_PSD_DpOSE_ (alloc_traits.h:254)
==2302==    by 0x404F2F: _ZNSt16allocator_traitsISaISt23_Sp_counted_ptr_inplaceI26NepreklapajuciPravougaonikSaIS1_ELN9__gnu_cxx12_Lock_policyE2EEEE9constructIS5_IKS2_5TackaSA_EEEDTcl12_S_constructfp_fp0_spcl7forwardIT0_Efp1_EEERS6_PT_DpOSB_ (alloc_traits.h:393)
==2302==    by 0x404B34: std::__shared_count<(__gnu_cxx::_Lock_policy)2>::__shared_count<NepreklapajuciPravougaonik, std::allocator<NepreklapajuciPravougaonik>, Tacka, Tacka>(std::_Sp_make_shared_tag, NepreklapajuciPravougaonik*, std::allocator<NepreklapajuciPravougaonik> const&, Tacka&&, Tacka&&) (shared_ptr_base.h:502)
==2302== 
==2302== Conditional jump or move depends on uninitialised value(s)
==2302==    at 0x4015AF: NepreklapajuciPravougaonik::TestPreklapanja(Tacka const&, Tacka const&) (main.cpp:54)
==2302==    by 0x40177C: NepreklapajuciPravougaonik::Postavi(Tacka const&, Tacka const&) (main.cpp:75)
==2302==    by 0x4037F2: NepreklapajuciPravougaonik::NepreklapajuciPravougaonik(Tacka const&, Tacka const&) (main.cpp:24)
==2302==    by 0x405749: _ZN9__gnu_cxx13new_allocatorI26NepreklapajuciPravougaonikE9constructIS1_I5TackaS4_EEEvPT_DpOT0_ (in /rhome/a/aburic1/workspace/TP/Z4/Z2/.runme)
==2302==    by 0x4056DE: _ZNSt16allocator_traitsISaI26NepreklapajuciPravougaonikEE12_S_constructIS0_I5TackaS4_EEENSt9enable_ifIXsrNS2_18__construct_helperIT_IDpT0_EEE5valueEvE4typeERS1_PS7_DpOS8_ (alloc_traits.h:254)
==2302==    by 0x40568D: _ZNSt16allocator_traitsISaI26NepreklapajuciPravougaonikEE9constructIS0_I5TackaS4_EEEDTcl12_S_constructfp_fp0_spcl7forwardIT0_Efp1_EEERS1_PT_DpOS5_ (alloc_traits.h:393)
==2302==    by 0x40557A: std::_Sp_counted_ptr_inplace<NepreklapajuciPravougaonik, std::allocator<NepreklapajuciPravougaonik>, (__gnu_cxx::_Lock_policy)2>::_Sp_counted_ptr_inplace<Tacka, Tacka>(std::allocator<NepreklapajuciPravougaonik>, Tacka&&, Tacka&&) (shared_ptr_base.h:399)
==2302==    by 0x405410: _ZN9__gnu_cxx13new_allocatorISt23_Sp_counted_ptr_inplaceI26NepreklapajuciPravougaonikSaIS2_ELNS_12_Lock_policyE2EEE9constructIS5_IKS3_5TackaS9_EEEvPT_DpOT0_ (in /rhome/a/aburic1/workspace/TP/Z4/Z2/.runme)
==2302==    by 0x4051A3: _ZNSt16allocator_traitsISaISt23_Sp_counted_ptr_inplaceI26NepreklapajuciPravougaonikSaIS1_ELN9__gnu_cxx12_Lock_policyE2EEEE12_S_constructIS5_IKS2_5TackaSA_EEENSt9enable_ifIXsrNS7_18__construct_helperIT_IDpT0_EEE5valueEvE4typeERS6_PSD_DpOSE_ (alloc_traits.h:254)
==2302==    by 0x404F2F: _ZNSt16allocator_traitsISaISt23_Sp_counted_ptr_inplaceI26NepreklapajuciPravougaonikSaIS1_ELN9__gnu_cxx12_Lock_policyE2EEEE9constructIS5_IKS2_5TackaSA_EEEDTcl12_S_constructfp_fp0_spcl7forwardIT0_Efp1_EEERS6_PT_DpOSB_ (alloc_traits.h:393)
==2302==    by 0x404B34: std::__shared_count<(__gnu_cxx::_Lock_policy)2>::__shared_count<NepreklapajuciPravougaonik, std::allocator<NepreklapajuciPravougaonik>, Tacka, Tacka>(std::_Sp_make_shared_tag, NepreklapajuciPravougaonik*, std::allocator<NepreklapajuciPravougaonik> const&, Tacka&&, Tacka&&) (shared_ptr_base.h:502)
==2302==    by 0x404756: std::__shared_ptr<NepreklapajuciPravougaonik, (__gnu_cxx::_Lock_policy)2>::__shared_ptr<std::allocator<NepreklapajuciPravougaonik>, Tacka, Tacka>(std::_Sp_make_shared_tag, std::allocator<NepreklapajuciPravougaonik> const&, Tacka&&, Tacka&&) (shared_ptr_base.h:957)
==2302== 
==2302== 
==2302== HEAP SUMMARY:
==2302==     in use at exit: 273 bytes in 4 blocks
==2302==   total heap usage: 5 allocs, 1 frees, 337 bytes allocated
==2302== 
==2302== 49 bytes in 1 blocks are possibly lost in loss record 2 of 4
==2302==    at 0x4C2B0E0: operator new(unsigned long) (in /usr/lib/valgrind/vgpreload_memcheck-amd64-linux.so)
==2302==    by 0x4EF1248: std::string::_Rep::_S_create(unsigned long, unsigned long, std::allocator<char> const&) (in /usr/lib/x86_64-linux-gnu/libstdc++.so.6.0.19)
==2302==    by 0x4EF2970: char* std::string::_S_construct<char const*>(char const*, char const*, std::allocator<char> const&, std::forward_iterator_tag) (in /usr/lib/x86_64-linux-gnu/libstdc++.so.6.0.19)
==2302==    by 0x4EF2D87: std::basic_string<char, std::char_traits<char>, std::allocator<char> >::basic_string(char const*, std::allocator<char> const&) (in /usr/lib/x86_64-linux-gnu/libstdc++.so.6.0.19)
==2302==    by 0x4015EE: NepreklapajuciPravougaonik::TestPreklapanja(Tacka const&, Tacka const&) (main.cpp:56)
==2302==    by 0x40177C: NepreklapajuciPravougaonik::Postavi(Tacka const&, Tacka const&) (main.cpp:75)
==2302==    by 0x4037F2: NepreklapajuciPravougaonik::NepreklapajuciPravougaonik(Tacka const&, Tacka const&) (main.cpp:24)
==2302==    by 0x405749: _ZN9__gnu_cxx13new_allocatorI26NepreklapajuciPravougaonikE9constructIS1_I5TackaS4_EEEvPT_DpOT0_ (in /rhome/a/aburic1/workspace/TP/Z4/Z2/.runme)
==2302==    by 0x4056DE: _ZNSt16allocator_traitsISaI26NepreklapajuciPravougaonikEE12_S_constructIS0_I5TackaS4_EEENSt9enable_ifIXsrNS2_18__construct_helperIT_IDpT0_EEE5valueEvE4typeERS1_PS7_DpOS8_ (alloc_traits.h:254)
==2302==    by 0x40568D: _ZNSt16allocator_traitsISaI26NepreklapajuciPravougaonikEE9constructIS0_I5TackaS4_EEEDTcl12_S_constructfp_fp0_spcl7forwardIT0_Efp1_EEERS1_PT_DpOS5_ (alloc_traits.h:393)
==2302==    by 0x40557A: std::_Sp_counted_ptr_inplace<NepreklapajuciPravougaonik, std::allocator<NepreklapajuciPravougaonik>, (__gnu_cxx::_Lock_policy)2>::_Sp_counted_ptr_inplace<Tacka, Tacka>(std::allocator<NepreklapajuciPravougaonik>, Tacka&&, Tacka&&) (shared_ptr_base.h:399)
==2302==    by 0x405410: _ZN9__gnu_cxx13new_allocatorISt23_Sp_counted_ptr_inplaceI26NepreklapajuciPravougaonikSaIS2_ELNS_12_Lock_policyE2EEE9constructIS5_IKS3_5TackaS9_EEEvPT_DpOT0_ (in /rhome/a/aburic1/workspace/TP/Z4/Z2/.runme)
==2302== 
==2302== 144 bytes in 1 blocks are possibly lost in loss record 4 of 4
==2302==    at 0x4C2AB80: malloc (in /usr/lib/valgrind/vgpreload_memcheck-amd64-linux.so)
==2302==    by 0x4E94382: __cxa_allocate_exception (in /usr/lib/x86_64-linux-gnu/libstdc++.so.6.0.19)
==2302==    by 0x4015CA: NepreklapajuciPravougaonik::TestPreklapanja(Tacka const&, Tacka const&) (main.cpp:56)
==2302==    by 0x40177C: NepreklapajuciPravougaonik::Postavi(Tacka const&, Tacka const&) (main.cpp:75)
==2302==    by 0x4037F2: NepreklapajuciPravougaonik::NepreklapajuciPravougaonik(Tacka const&, Tacka const&) (main.cpp:24)
==2302==    by 0x405749: _ZN9__gnu_cxx13new_allocatorI26NepreklapajuciPravougaonikE9constructIS1_I5TackaS4_EEEvPT_DpOT0_ (in /rhome/a/aburic1/workspace/TP/Z4/Z2/.runme)
==2302==    by 0x4056DE: _ZNSt16allocator_traitsISaI26NepreklapajuciPravougaonikEE12_S_constructIS0_I5TackaS4_EEENSt9enable_ifIXsrNS2_18__construct_helperIT_IDpT0_EEE5valueEvE4typeERS1_PS7_DpOS8_ (alloc_traits.h:254)
==2302==    by 0x40568D: _ZNSt16allocator_traitsISaI26NepreklapajuciPravougaonikEE9constructIS0_I5TackaS4_EEEDTcl12_S_constructfp_fp0_spcl7forwardIT0_Efp1_EEERS1_PT_DpOS5_ (alloc_traits.h:393)
==2302==    by 0x40557A: std::_Sp_counted_ptr_inplace<NepreklapajuciPravougaonik, std::allocator<NepreklapajuciPravougaonik>, (__gnu_cxx::_Lock_policy)2>::_Sp_counted_ptr_inplace<Tacka, Tacka>(std::allocator<NepreklapajuciPravougaonik>, Tacka&&, Tacka&&) (shared_ptr_base.h:399)
==2302==    by 0x405410: _ZN9__gnu_cxx13new_allocatorISt23_Sp_counted_ptr_inplaceI26NepreklapajuciPravougaonikSaIS2_ELNS_12_Lock_policyE2EEE9constructIS5_IKS3_5TackaS9_EEEvPT_DpOT0_ (in /rhome/a/aburic1/workspace/TP/Z4/Z2/.runme)
==2302==    by 0x4051A3: _ZNSt16allocator_traitsISaISt23_Sp_counted_ptr_inplaceI26NepreklapajuciPravougaonikSaIS1_ELN9__gnu_cxx12_Lock_policyE2EEEE12_S_constructIS5_IKS2_5TackaSA_EEENSt9enable_ifIXsrNS7_18__construct_helperIT_IDpT0_EEE5valueEvE4typeERS6_PSD_DpOSE_ (alloc_traits.h:254)
==2302==    by 0x404F2F: _ZNSt16allocator_traitsISaISt23_Sp_counted_ptr_inplaceI26NepreklapajuciPravougaonikSaIS1_ELN9__gnu_cxx12_Lock_policyE2EEEE9constructIS5_IKS2_5TackaSA_EEEDTcl12_S_constructfp_fp0_spcl7forwardIT0_Efp1_EEERS6_PT_DpOSB_ (alloc_traits.h:393)
==2302== 
==2302== LEAK SUMMARY:
==2302==    definitely lost: 0 bytes in 0 blocks
==2302==    indirectly lost: 0 bytes in 0 blocks
==2302==      possibly lost: 193 bytes in 2 blocks
==2302==    still reachable: 80 bytes in 2 blocks
==2302==         suppressed: 0 bytes in 0 blocks
==2302== Reachable blocks (those to which a pointer was found) are not shown.
==2302== To see them, rerun with: --leak-check=full --show-leak-kinds=all
==2302== 
==2302== For counts of detected and suppressed errors, rerun with: -v
==2302== Use --track-origins=yes to see where uninitialised values come from
==2302== ERROR SUMMARY: 18 errors from 13 contexts (suppressed: 0 from 0)
