==15170== Memcheck, a memory error detector
==15170== Copyright (C) 2002-2013, and GNU GPL'd, by Julian Seward et al.
==15170== Using Valgrind-3.10.1 and LibVEX; rerun with -h for copyright info
==15170== Command: /home/aburic1/workspace/TP/T2/Z3/.runme
==15170== Parent PID: 15116
==15170== 
==15170== Conditional jump or move depends on uninitialised value(s)
==15170==    at 0x400BC7: main (main.cpp:11)
==15170== 
==15170== Conditional jump or move depends on uninitialised value(s)
==15170==    at 0x4EA1F52: std::basic_istream<char, std::char_traits<char> >& std::operator>><double, char, std::char_traits<char> >(std::basic_istream<char, std::char_traits<char> >&, std::complex<double>&) (in /usr/lib/x86_64-linux-gnu/libstdc++.so.6.0.19)
==15170==    by 0x400B64: main (main.cpp:13)
==15170== 
==15170== Conditional jump or move depends on uninitialised value(s)
==15170==    at 0x513F6D0: __divdc3 (in /lib/x86_64-linux-gnu/libgcc_s.so.1)
==15170==    by 0x400E3F: std::complex<double>& std::complex<double>::operator/=<double>(std::complex<double> const&) (complex:1330)
==15170==    by 0x400D28: std::complex<double> std::operator/<double>(std::complex<double> const&, std::complex<double> const&) (complex:417)
==15170==    by 0x400B8F: main (main.cpp:14)
==15170== 
==15170== Conditional jump or move depends on uninitialised value(s)
==15170==    at 0x513F70A: __divdc3 (in /lib/x86_64-linux-gnu/libgcc_s.so.1)
==15170==    by 0x400E3F: std::complex<double>& std::complex<double>::operator/=<double>(std::complex<double> const&) (complex:1330)
==15170==    by 0x400D28: std::complex<double> std::operator/<double>(std::complex<double> const&, std::complex<double> const&) (complex:417)
==15170==    by 0x400B8F: main (main.cpp:14)
==15170== 
==15170== Conditional jump or move depends on uninitialised value(s)
==15170==    at 0x513F75B: __divdc3 (in /lib/x86_64-linux-gnu/libgcc_s.so.1)
==15170==    by 0x400E3F: std::complex<double>& std::complex<double>::operator/=<double>(std::complex<double> const&) (complex:1330)
==15170==    by 0x400D28: std::complex<double> std::operator/<double>(std::complex<double> const&, std::complex<double> const&) (complex:417)
==15170==    by 0x400B8F: main (main.cpp:14)
==15170== 
==15170== Conditional jump or move depends on uninitialised value(s)
==15170==    at 0x513F772: __divdc3 (in /lib/x86_64-linux-gnu/libgcc_s.so.1)
==15170==    by 0x400E3F: std::complex<double>& std::complex<double>::operator/=<double>(std::complex<double> const&) (complex:1330)
==15170==    by 0x400D28: std::complex<double> std::operator/<double>(std::complex<double> const&, std::complex<double> const&) (complex:417)
==15170==    by 0x400B8F: main (main.cpp:14)
==15170== 
==15170== 
==15170== HEAP SUMMARY:
==15170==     in use at exit: 0 bytes in 0 blocks
==15170==   total heap usage: 0 allocs, 0 frees, 0 bytes allocated
==15170== 
==15170== All heap blocks were freed -- no leaks are possible
==15170== 
==15170== For counts of detected and suppressed errors, rerun with: -v
==15170== Use --track-origins=yes to see where uninitialised values come from
==15170== ERROR SUMMARY: 842 errors from 6 contexts (suppressed: 0 from 0)
