==15398== Memcheck, a memory error detector
==15398== Copyright (C) 2002-2013, and GNU GPL'd, by Julian Seward et al.
==15398== Using Valgrind-3.10.1 and LibVEX; rerun with -h for copyright info
==15398== Command: /home/aburic1/workspace/TP/T6/Z5/.runme
==15398== Parent PID: 15365
==15398== 
==15398== Invalid free() / delete / delete[] / realloc()
==15398==    at 0x4C2C83C: operator delete[](void*) (in /usr/lib/valgrind/vgpreload_memcheck-amd64-linux.so)
==15398==    by 0x401612: main (main.cpp:43)
==15398==  Address 0x5a1c4ec is 12 bytes inside a block of size 36 free'd
==15398==    at 0x4C2C83C: operator delete[](void*) (in /usr/lib/valgrind/vgpreload_memcheck-amd64-linux.so)
==15398==    by 0x401612: main (main.cpp:43)
==15398== 
==15398== 
==15398== HEAP SUMMARY:
==15398==     in use at exit: 0 bytes in 0 blocks
==15398==   total heap usage: 14 allocs, 16 frees, 324 bytes allocated
==15398== 
==15398== All heap blocks were freed -- no leaks are possible
==15398== 
==15398== For counts of detected and suppressed errors, rerun with: -v
==15398== ERROR SUMMARY: 2 errors from 1 contexts (suppressed: 0 from 0)
