==20510== Memcheck, a memory error detector
==20510== Copyright (C) 2002-2013, and GNU GPL'd, by Julian Seward et al.
==20510== Using Valgrind-3.10.1 and LibVEX; rerun with -h for copyright info
==20510== Command: /rhome/a/aburic1/workspace/TP/T8/Z4/.runme
==20510== Parent PID: 20489
==20510== 
==20510== Invalid read of size 1
==20510==    at 0x40128B: ZamijeniPremaRjecniku(std::string, std::map<std::string, std::string, std::less<std::string>, std::allocator<std::pair<std::string const, std::string> > > const&) (main.cpp:11)
==20510==    by 0x4016BF: main (main.cpp:20)
==20510==  Address 0x5a1c650 is 32 bytes inside a block of size 35 free'd
==20510==    at 0x4C2C2BC: operator delete(void*) (in /usr/lib/valgrind/vgpreload_memcheck-amd64-linux.so)
==20510==    by 0x4EF1508: std::string::_M_mutate(unsigned long, unsigned long, unsigned long) (in /usr/lib/x86_64-linux-gnu/libstdc++.so.6.0.19)
==20510==    by 0x4EF197D: std::string::_M_replace_safe(unsigned long, unsigned long, char const*, unsigned long) (in /usr/lib/x86_64-linux-gnu/libstdc++.so.6.0.19)
==20510==    by 0x4EF2A9E: std::string::replace(unsigned long, unsigned long, char const*, unsigned long) (in /usr/lib/x86_64-linux-gnu/libstdc++.so.6.0.19)
==20510==    by 0x40141D: ZamijeniPremaRjecniku(std::string, std::map<std::string, std::string, std::less<std::string>, std::allocator<std::pair<std::string const, std::string> > > const&) (main.cpp:14)
==20510==    by 0x4016BF: main (main.cpp:20)
==20510== 
==20510== Conditional jump or move depends on uninitialised value(s)
==20510==    at 0x401290: ZamijeniPremaRjecniku(std::string, std::map<std::string, std::string, std::less<std::string>, std::allocator<std::pair<std::string const, std::string> > > const&) (main.cpp:11)
==20510==    by 0x4016BF: main (main.cpp:20)
==20510== 
==20510== 
==20510== HEAP SUMMARY:
==20510==     in use at exit: 0 bytes in 0 blocks
==20510==   total heap usage: 17 allocs, 17 frees, 609 bytes allocated
==20510== 
==20510== All heap blocks were freed -- no leaks are possible
==20510== 
==20510== For counts of detected and suppressed errors, rerun with: -v
==20510== Use --track-origins=yes to see where uninitialised values come from
==20510== ERROR SUMMARY: 84 errors from 2 contexts (suppressed: 0 from 0)
