[New LWP 18221]
Core was generated by `'.
Program terminated with signal SIGXCPU, CPU time limit exceeded.
#0  0x000000000040161b in PascalovTrougao (m=65, n=2) at /home/aburic1/workspace/TP/Z2/Z3/main.cpp:17
17	    return PascalovTrougao(m - 1, n - 1) + PascalovTrougao(m - 1, n);
#0  0x000000000040161b in PascalovTrougao (m=65, n=2) at /home/aburic1/workspace/TP/Z2/Z3/main.cpp:17
#1  0x000000000040162f in PascalovTrougao (m=66, n=2) at /home/aburic1/workspace/TP/Z2/Z3/main.cpp:17
#2  0x000000000040162f in PascalovTrougao (m=67, n=2) at /home/aburic1/workspace/TP/Z2/Z3/main.cpp:17
#3  0x000000000040162f in PascalovTrougao (m=68, n=2) at /home/aburic1/workspace/TP/Z2/Z3/main.cpp:17
#4  0x000000000040162f in PascalovTrougao (m=69, n=2) at /home/aburic1/workspace/TP/Z2/Z3/main.cpp:17
#5  0x000000000040162f in PascalovTrougao (m=70, n=2) at /home/aburic1/workspace/TP/Z2/Z3/main.cpp:17
#6  0x000000000040162f in PascalovTrougao (m=71, n=2) at /home/aburic1/workspace/TP/Z2/Z3/main.cpp:17
#7  0x000000000040162f in PascalovTrougao (m=72, n=2) at /home/aburic1/workspace/TP/Z2/Z3/main.cpp:17
#8  0x000000000040162f in PascalovTrougao (m=73, n=2) at /home/aburic1/workspace/TP/Z2/Z3/main.cpp:17
#9  0x000000000040162f in PascalovTrougao (m=74, n=2) at /home/aburic1/workspace/TP/Z2/Z3/main.cpp:17
#10 0x000000000040162f in PascalovTrougao (m=75, n=2) at /home/aburic1/workspace/TP/Z2/Z3/main.cpp:17
#11 0x000000000040162f in PascalovTrougao (m=76, n=2) at /home/aburic1/workspace/TP/Z2/Z3/main.cpp:17
#12 0x000000000040162f in PascalovTrougao (m=77, n=2) at /home/aburic1/workspace/TP/Z2/Z3/main.cpp:17
#13 0x000000000040162f in PascalovTrougao (m=78, n=2) at /home/aburic1/workspace/TP/Z2/Z3/main.cpp:17
#14 0x000000000040162f in PascalovTrougao (m=79, n=2) at /home/aburic1/workspace/TP/Z2/Z3/main.cpp:17
#15 0x000000000040162f in PascalovTrougao (m=80, n=2) at /home/aburic1/workspace/TP/Z2/Z3/main.cpp:17
#16 0x000000000040162f in PascalovTrougao (m=81, n=2) at /home/aburic1/workspace/TP/Z2/Z3/main.cpp:17
#17 0x000000000040162f in PascalovTrougao (m=82, n=2) at /home/aburic1/workspace/TP/Z2/Z3/main.cpp:17
#18 0x000000000040162f in PascalovTrougao (m=83, n=2) at /home/aburic1/workspace/TP/Z2/Z3/main.cpp:17
#19 0x000000000040162f in PascalovTrougao (m=84, n=2) at /home/aburic1/workspace/TP/Z2/Z3/main.cpp:17
#20 0x000000000040162f in PascalovTrougao (m=85, n=2) at /home/aburic1/workspace/TP/Z2/Z3/main.cpp:17
#21 0x000000000040162f in PascalovTrougao (m=86, n=2) at /home/aburic1/workspace/TP/Z2/Z3/main.cpp:17
#22 0x000000000040162f in PascalovTrougao (m=87, n=2) at /home/aburic1/workspace/TP/Z2/Z3/main.cpp:17
#23 0x000000000040162f in PascalovTrougao (m=88, n=2) at /home/aburic1/workspace/TP/Z2/Z3/main.cpp:17
#24 0x000000000040162f in PascalovTrougao (m=89, n=2) at /home/aburic1/workspace/TP/Z2/Z3/main.cpp:17
#25 0x000000000040162f in PascalovTrougao (m=90, n=2) at /home/aburic1/workspace/TP/Z2/Z3/main.cpp:17
#26 0x000000000040162f in PascalovTrougao (m=91, n=2) at /home/aburic1/workspace/TP/Z2/Z3/main.cpp:17
#27 0x000000000040162f in PascalovTrougao (m=92, n=2) at /home/aburic1/workspace/TP/Z2/Z3/main.cpp:17
#28 0x000000000040162f in PascalovTrougao (m=93, n=2) at /home/aburic1/workspace/TP/Z2/Z3/main.cpp:17
#29 0x000000000040162f in PascalovTrougao (m=94, n=2) at /home/aburic1/workspace/TP/Z2/Z3/main.cpp:17
#30 0x000000000040162f in PascalovTrougao (m=95, n=2) at /home/aburic1/workspace/TP/Z2/Z3/main.cpp:17
#31 0x000000000040162f in PascalovTrougao (m=96, n=2) at /home/aburic1/workspace/TP/Z2/Z3/main.cpp:17
#32 0x000000000040162f in PascalovTrougao (m=97, n=2) at /home/aburic1/workspace/TP/Z2/Z3/main.cpp:17
#33 0x000000000040162f in PascalovTrougao (m=98, n=2) at /home/aburic1/workspace/TP/Z2/Z3/main.cpp:17
#34 0x000000000040162f in PascalovTrougao (m=99, n=2) at /home/aburic1/workspace/TP/Z2/Z3/main.cpp:17
#35 0x000000000040162f in PascalovTrougao (m=100, n=2) at /home/aburic1/workspace/TP/Z2/Z3/main.cpp:17
#36 0x000000000040162f in PascalovTrougao (m=101, n=2) at /home/aburic1/workspace/TP/Z2/Z3/main.cpp:17
#37 0x000000000040162f in PascalovTrougao (m=102, n=2) at /home/aburic1/workspace/TP/Z2/Z3/main.cpp:17
#38 0x000000000040162f in PascalovTrougao (m=103, n=2) at /home/aburic1/workspace/TP/Z2/Z3/main.cpp:17
#39 0x000000000040162f in PascalovTrougao (m=104, n=2) at /home/aburic1/workspace/TP/Z2/Z3/main.cpp:17
#40 0x000000000040162f in PascalovTrougao (m=105, n=2) at /home/aburic1/workspace/TP/Z2/Z3/main.cpp:17
#41 0x000000000040162f in PascalovTrougao (m=106, n=2) at /home/aburic1/workspace/TP/Z2/Z3/main.cpp:17
#42 0x000000000040162f in PascalovTrougao (m=107, n=2) at /home/aburic1/workspace/TP/Z2/Z3/main.cpp:17
#43 0x000000000040162f in PascalovTrougao (m=108, n=2) at /home/aburic1/workspace/TP/Z2/Z3/main.cpp:17
#44 0x000000000040162f in PascalovTrougao (m=109, n=2) at /home/aburic1/workspace/TP/Z2/Z3/main.cpp:17
#45 0x000000000040162f in PascalovTrougao (m=110, n=2) at /home/aburic1/workspace/TP/Z2/Z3/main.cpp:17
#46 0x000000000040162f in PascalovTrougao (m=111, n=2) at /home/aburic1/workspace/TP/Z2/Z3/main.cpp:17
#47 0x000000000040162f in PascalovTrougao (m=112, n=2) at /home/aburic1/workspace/TP/Z2/Z3/main.cpp:17
#48 0x000000000040162f in PascalovTrougao (m=113, n=2) at /home/aburic1/workspace/TP/Z2/Z3/main.cpp:17
#49 0x000000000040162f in PascalovTrougao (m=114, n=2) at /home/aburic1/workspace/TP/Z2/Z3/main.cpp:17
#50 0x000000000040162f in PascalovTrougao (m=115, n=2) at /home/aburic1/workspace/TP/Z2/Z3/main.cpp:17
#51 0x000000000040162f in PascalovTrougao (m=116, n=2) at /home/aburic1/workspace/TP/Z2/Z3/main.cpp:17
#52 0x000000000040162f in PascalovTrougao (m=117, n=2) at /home/aburic1/workspace/TP/Z2/Z3/main.cpp:17
#53 0x000000000040162f in PascalovTrougao (m=118, n=2) at /home/aburic1/workspace/TP/Z2/Z3/main.cpp:17
#54 0x000000000040162f in PascalovTrougao (m=119, n=2) at /home/aburic1/workspace/TP/Z2/Z3/main.cpp:17
#55 0x000000000040162f in PascalovTrougao (m=120, n=2) at /home/aburic1/workspace/TP/Z2/Z3/main.cpp:17
#56 0x000000000040162f in PascalovTrougao (m=121, n=2) at /home/aburic1/workspace/TP/Z2/Z3/main.cpp:17
#57 0x000000000040162f in PascalovTrougao (m=122, n=2) at /home/aburic1/workspace/TP/Z2/Z3/main.cpp:17
#58 0x000000000040162f in PascalovTrougao (m=123, n=2) at /home/aburic1/workspace/TP/Z2/Z3/main.cpp:17
#59 0x000000000040162f in PascalovTrougao (m=124, n=2) at /home/aburic1/workspace/TP/Z2/Z3/main.cpp:17
#60 0x000000000040162f in PascalovTrougao (m=125, n=2) at /home/aburic1/workspace/TP/Z2/Z3/main.cpp:17
#61 0x000000000040162f in PascalovTrougao (m=126, n=2) at /home/aburic1/workspace/TP/Z2/Z3/main.cpp:17
#62 0x000000000040162f in PascalovTrougao (m=127, n=2) at /home/aburic1/workspace/TP/Z2/Z3/main.cpp:17
#63 0x000000000040162f in PascalovTrougao (m=128, n=2) at /home/aburic1/workspace/TP/Z2/Z3/main.cpp:17
#64 0x000000000040162f in PascalovTrougao (m=129, n=2) at /home/aburic1/workspace/TP/Z2/Z3/main.cpp:17
#65 0x000000000040162f in PascalovTrougao (m=130, n=2) at /home/aburic1/workspace/TP/Z2/Z3/main.cpp:17
#66 0x000000000040162f in PascalovTrougao (m=131, n=2) at /home/aburic1/workspace/TP/Z2/Z3/main.cpp:17
#67 0x000000000040162f in PascalovTrougao (m=132, n=2) at /home/aburic1/workspace/TP/Z2/Z3/main.cpp:17
#68 0x000000000040162f in PascalovTrougao (m=133, n=2) at /home/aburic1/workspace/TP/Z2/Z3/main.cpp:17
#69 0x000000000040162f in PascalovTrougao (m=134, n=2) at /home/aburic1/workspace/TP/Z2/Z3/main.cpp:17
#70 0x000000000040162f in PascalovTrougao (m=135, n=2) at /home/aburic1/workspace/TP/Z2/Z3/main.cpp:17
#71 0x000000000040162f in PascalovTrougao (m=136, n=2) at /home/aburic1/workspace/TP/Z2/Z3/main.cpp:17
#72 0x000000000040162f in PascalovTrougao (m=137, n=2) at /home/aburic1/workspace/TP/Z2/Z3/main.cpp:17
#73 0x000000000040162f in PascalovTrougao (m=138, n=2) at /home/aburic1/workspace/TP/Z2/Z3/main.cpp:17
#74 0x000000000040162f in PascalovTrougao (m=139, n=2) at /home/aburic1/workspace/TP/Z2/Z3/main.cpp:17
#75 0x000000000040162f in PascalovTrougao (m=140, n=2) at /home/aburic1/workspace/TP/Z2/Z3/main.cpp:17
#76 0x000000000040162f in PascalovTrougao (m=141, n=2) at /home/aburic1/workspace/TP/Z2/Z3/main.cpp:17
#77 0x000000000040162f in PascalovTrougao (m=142, n=2) at /home/aburic1/workspace/TP/Z2/Z3/main.cpp:17
#78 0x000000000040162f in PascalovTrougao (m=143, n=2) at /home/aburic1/workspace/TP/Z2/Z3/main.cpp:17
#79 0x000000000040162f in PascalovTrougao (m=144, n=2) at /home/aburic1/workspace/TP/Z2/Z3/main.cpp:17
#80 0x000000000040162f in PascalovTrougao (m=145, n=2) at /home/aburic1/workspace/TP/Z2/Z3/main.cpp:17
#81 0x000000000040162f in PascalovTrougao (m=146, n=2) at /home/aburic1/workspace/TP/Z2/Z3/main.cpp:17
#82 0x000000000040162f in PascalovTrougao (m=147, n=2) at /home/aburic1/workspace/TP/Z2/Z3/main.cpp:17
#83 0x000000000040162f in PascalovTrougao (m=148, n=2) at /home/aburic1/workspace/TP/Z2/Z3/main.cpp:17
#84 0x000000000040162f in PascalovTrougao (m=149, n=2) at /home/aburic1/workspace/TP/Z2/Z3/main.cpp:17
#85 0x000000000040162f in PascalovTrougao (m=150, n=2) at /home/aburic1/workspace/TP/Z2/Z3/main.cpp:17
#86 0x000000000040162f in PascalovTrougao (m=151, n=2) at /home/aburic1/workspace/TP/Z2/Z3/main.cpp:17
#87 0x000000000040162f in PascalovTrougao (m=152, n=2) at /home/aburic1/workspace/TP/Z2/Z3/main.cpp:17
#88 0x000000000040162f in PascalovTrougao (m=153, n=2) at /home/aburic1/workspace/TP/Z2/Z3/main.cpp:17
#89 0x000000000040162f in PascalovTrougao (m=154, n=2) at /home/aburic1/workspace/TP/Z2/Z3/main.cpp:17
#90 0x000000000040162f in PascalovTrougao (m=155, n=2) at /home/aburic1/workspace/TP/Z2/Z3/main.cpp:17
#91 0x000000000040162f in PascalovTrougao (m=156, n=2) at /home/aburic1/workspace/TP/Z2/Z3/main.cpp:17
#92 0x000000000040162f in PascalovTrougao (m=157, n=2) at /home/aburic1/workspace/TP/Z2/Z3/main.cpp:17
#93 0x000000000040162f in PascalovTrougao (m=158, n=2) at /home/aburic1/workspace/TP/Z2/Z3/main.cpp:17
#94 0x000000000040162f in PascalovTrougao (m=159, n=2) at /home/aburic1/workspace/TP/Z2/Z3/main.cpp:17
#95 0x000000000040162f in PascalovTrougao (m=160, n=2) at /home/aburic1/workspace/TP/Z2/Z3/main.cpp:17
#96 0x000000000040162f in PascalovTrougao (m=161, n=2) at /home/aburic1/workspace/TP/Z2/Z3/main.cpp:17
#97 0x000000000040162f in PascalovTrougao (m=162, n=2) at /home/aburic1/workspace/TP/Z2/Z3/main.cpp:17
#98 0x000000000040162f in PascalovTrougao (m=163, n=2) at /home/aburic1/workspace/TP/Z2/Z3/main.cpp:17
#99 0x000000000040162f in PascalovTrougao (m=164, n=2) at /home/aburic1/workspace/TP/Z2/Z3/main.cpp:17
