==8679== Memcheck, a memory error detector
==8679== Copyright (C) 2002-2013, and GNU GPL'd, by Julian Seward et al.
==8679== Using Valgrind-3.10.1 and LibVEX; rerun with -h for copyright info
==8679== Command: /rhome/a/aburic1/workspace/TP/T13/Z1/.runme
==8679== Parent PID: 8668
==8679== 
==8679== Conditional jump or move depends on uninitialised value(s)
==8679==    at 0x40137A: main (main.cpp:92)
==8679== 
==8679== Invalid read of size 8
==8679==    at 0x40139C: main (main.cpp:120)
==8679==  Address 0x0 is not stack'd, malloc'd or (recently) free'd
==8679== 
==8679== 
==8679== Process terminating with default action of signal 11 (SIGSEGV): dumping core
==8679==  Access not within mapped region at address 0x0
==8679==    at 0x40139C: main (main.cpp:120)
==8679==  If you believe this happened as a result of a stack
==8679==  overflow in your program's main thread (unlikely but
==8679==  possible), you can try to increase the size of the
==8679==  main thread stack using the --main-stacksize= flag.
==8679==  The main thread stack size used in this run was 8388608.
==8679== 
==8679== HEAP SUMMARY:
==8679==     in use at exit: 0 bytes in 0 blocks
==8679==   total heap usage: 0 allocs, 0 frees, 0 bytes allocated
==8679== 
==8679== All heap blocks were freed -- no leaks are possible
==8679== 
==8679== For counts of detected and suppressed errors, rerun with: -v
==8679== Use --track-origins=yes to see where uninitialised values come from
==8679== ERROR SUMMARY: 2 errors from 2 contexts (suppressed: 0 from 0)
