==31757== Memcheck, a memory error detector
==31757== Copyright (C) 2002-2013, and GNU GPL'd, by Julian Seward et al.
==31757== Using Valgrind-3.10.1 and LibVEX; rerun with -h for copyright info
==31757== Command: /home/aburic1/workspace/TP/Z2/Z1/.runme
==31757== Parent PID: 31644
==31757== 
==31757== 
==31757== HEAP SUMMARY:
==31757==     in use at exit: 30 bytes in 1 blocks
==31757==   total heap usage: 1 allocs, 0 frees, 30 bytes allocated
==31757== 
==31757== 30 bytes in 1 blocks are possibly lost in loss record 1 of 1
==31757==    at 0x4C2B0E0: operator new(unsigned long) (in /usr/lib/valgrind/vgpreload_memcheck-amd64-linux.so)
==31757==    by 0x4EF1248: std::string::_Rep::_S_create(unsigned long, unsigned long, std::allocator<char> const&) (in /usr/lib/x86_64-linux-gnu/libstdc++.so.6.0.19)
==31757==    by 0x4EF2970: char* std::string::_S_construct<char const*>(char const*, char const*, std::allocator<char> const&, std::forward_iterator_tag) (in /usr/lib/x86_64-linux-gnu/libstdc++.so.6.0.19)
==31757==    by 0x4EF2D87: std::basic_string<char, std::char_traits<char>, std::allocator<char> >::basic_string(char const*, std::allocator<char> const&) (in /usr/lib/x86_64-linux-gnu/libstdc++.so.6.0.19)
==31757==    by 0x401201: UnosKomande(Komande&, int&, KodoviGresaka&) (main.cpp:147)
==31757==    by 0x400E0E: main (main.cpp:34)
==31757== 
==31757== LEAK SUMMARY:
==31757==    definitely lost: 0 bytes in 0 blocks
==31757==    indirectly lost: 0 bytes in 0 blocks
==31757==      possibly lost: 30 bytes in 1 blocks
==31757==    still reachable: 0 bytes in 0 blocks
==31757==         suppressed: 0 bytes in 0 blocks
==31757== 
==31757== For counts of detected and suppressed errors, rerun with: -v
==31757== ERROR SUMMARY: 1 errors from 1 contexts (suppressed: 0 from 0)
