/rhome/a/aburic1/workspace/TP/Z5/Z2/main.cpp: In function ‘int main()’:
/rhome/a/aburic1/workspace/TP/Z5/Z2/main.cpp:59:27: error: no match for ‘operator+’ (operand types are ‘VelikiBroj’ and ‘const char [2]’)
     cout << VelikiBroj(1) + "1";
                           ^
/rhome/a/aburic1/workspace/TP/Z5/Z2/main.cpp:59:27: note: candidates are:
/rhome/a/aburic1/workspace/TP/Z5/Z2/main.cpp:52:5: note: int operator+(const VelikiBroj&, const VelikiBroj&)
 int operator + (const VelikiBroj& l, const VelikiBroj& r) {
     ^
/rhome/a/aburic1/workspace/TP/Z5/Z2/main.cpp:52:5: note:   no known conversion for argument 2 from ‘const char [2]’ to ‘const VelikiBroj&’
In file included from /usr/include/c++/4.8/vector:65:0,
                 from /rhome/a/aburic1/workspace/TP/Z5/Z2/main.cpp:3:
/usr/include/c++/4.8/bits/stl_bvector.h:379:3: note: std::_Bit_const_iterator std::operator+(std::ptrdiff_t, const std::_Bit_const_iterator&)
   operator+(ptrdiff_t __n, const _Bit_const_iterator& __x)
   ^
/usr/include/c++/4.8/bits/stl_bvector.h:379:3: note:   no known conversion for argument 1 from ‘VelikiBroj’ to ‘std::ptrdiff_t {aka long int}’
/usr/include/c++/4.8/bits/stl_bvector.h:293:3: note: std::_Bit_iterator std::operator+(std::ptrdiff_t, const std::_Bit_iterator&)
   operator+(ptrdiff_t __n, const _Bit_iterator& __x)
   ^
/usr/include/c++/4.8/bits/stl_bvector.h:293:3: note:   no known conversion for argument 1 from ‘VelikiBroj’ to ‘std::ptrdiff_t {aka long int}’
In file included from /usr/include/c++/4.8/string:52:0,
                 from /usr/include/c++/4.8/bits/locale_classes.h:40,
                 from /usr/include/c++/4.8/bits/ios_base.h:41,
                 from /usr/include/c++/4.8/ios:42,
                 from /usr/include/c++/4.8/ostream:38,
                 from /usr/include/c++/4.8/iostream:39,
                 from /rhome/a/aburic1/workspace/TP/Z5/Z2/main.cpp:1:
/usr/include/c++/4.8/bits/basic_string.h:2472:5: note: template<class _CharT, class _Traits, class _Alloc> std::basic_string<_CharT, _Traits, _Alloc> std::operator+(std::basic_string<_CharT, _Traits, _Alloc>&&, _CharT)
     operator+(basic_string<_CharT, _Traits, _Alloc>&& __lhs,
     ^
/usr/include/c++/4.8/bits/basic_string.h:2472:5: note:   template argument deduction/substitution failed:
/rhome/a/aburic1/workspace/TP/Z5/Z2/main.cpp:59:29: note:   ‘VelikiBroj’ is not derived from ‘std::basic_string<_CharT, _Traits, _Alloc>’
     cout << VelikiBroj(1) + "1";
                             ^
In file included from /usr/include/c++/4.8/string:52:0,
                 from /usr/include/c++/4.8/bits/locale_classes.h:40,
                 from /usr/include/c++/4.8/bits/ios_base.h:41,
                 from /usr/include/c++/4.8/ios:42,
                 from /usr/include/c++/4.8/ostream:38,
                 from /usr/include/c++/4.8/iostream:39,
                 from /rhome/a/aburic1/workspace/TP/Z5/Z2/main.cpp:1:
/usr/include/c++/4.8/bits/basic_string.h:2466:5: note: template<class _CharT, class _Traits, class _Alloc> std::basic_string<_CharT, _Traits, _Alloc> std::operator+(std::basic_string<_CharT, _Traits, _Alloc>&&, const _CharT*)
     operator+(basic_string<_CharT, _Traits, _Alloc>&& __lhs,
     ^
/usr/include/c++/4.8/bits/basic_string.h:2466:5: note:   template argument deduction/substitution failed:
/rhome/a/aburic1/workspace/TP/Z5/Z2/main.cpp:59:29: note:   ‘VelikiBroj’ is not derived from ‘std::basic_string<_CharT, _Traits, _Alloc>’
     cout << VelikiBroj(1) + "1";
                             ^
In file included from /usr/include/c++/4.8/string:52:0,
                 from /usr/include/c++/4.8/bits/locale_classes.h:40,
                 from /usr/include/c++/4.8/bits/ios_base.h:41,
                 from /usr/include/c++/4.8/ios:42,
                 from /usr/include/c++/4.8/ostream:38,
                 from /usr/include/c++/4.8/iostream:39,
                 from /rhome/a/aburic1/workspace/TP/Z5/Z2/main.cpp:1:
/usr/include/c++/4.8/bits/basic_string.h:2460:5: note: template<class _CharT, class _Traits, class _Alloc> std::basic_string<_CharT, _Traits, _Alloc> std::operator+(_CharT, std::basic_string<_CharT, _Traits, _Alloc>&&)
     operator+(_CharT __lhs,
     ^
/usr/include/c++/4.8/bits/basic_string.h:2460:5: note:   template argument deduction/substitution failed:
/rhome/a/aburic1/workspace/TP/Z5/Z2/main.cpp:59:29: note:   mismatched types ‘std::basic_string<_CharT, _Traits, _Alloc>’ and ‘const char [2]’
     cout << VelikiBroj(1) + "1";
                             ^
In file included from /usr/include/c++/4.8/string:52:0,
                 from /usr/include/c++/4.8/bits/locale_classes.h:40,
                 from /usr/include/c++/4.8/bits/ios_base.h:41,
                 from /usr/include/c++/4.8/ios:42,
                 from /usr/include/c++/4.8/ostream:38,
                 from /usr/include/c++/4.8/iostream:39,
                 from /rhome/a/aburic1/workspace/TP/Z5/Z2/main.cpp:1:
/usr/include/c++/4.8/bits/basic_string.h:2454:5: note: template<class _CharT, class _Traits, class _Alloc> std::basic_string<_CharT, _Traits, _Alloc> std::operator+(const _CharT*, std::basic_string<_CharT, _Traits, _Alloc>&&)
     operator+(const _CharT* __lhs,
     ^
/usr/include/c++/4.8/bits/basic_string.h:2454:5: note:   template argument deduction/substitution failed:
/rhome/a/aburic1/workspace/TP/Z5/Z2/main.cpp:59:29: note:   mismatched types ‘const _CharT*’ and ‘VelikiBroj’
     cout << VelikiBroj(1) + "1";
                             ^
In file included from /usr/include/c++/4.8/string:52:0,
                 from /usr/include/c++/4.8/bits/locale_classes.h:40,
                 from /usr/include/c++/4.8/bits/ios_base.h:41,
                 from /usr/include/c++/4.8/ios:42,
                 from /usr/include/c++/4.8/ostream:38,
                 from /usr/include/c++/4.8/iostream:39,
                 from /rhome/a/aburic1/workspace/TP/Z5/Z2/main.cpp:1:
/usr/include/c++/4.8/bits/basic_string.h:2442:5: note: template<class _CharT, class _Traits, class _Alloc> std::basic_string<_CharT, _Traits, _Alloc> std::operator+(std::basic_string<_CharT, _Traits, _Alloc>&&, std::basic_string<_CharT, _Traits, _Alloc>&&)
     operator+(basic_string<_CharT, _Traits, _Alloc>&& __lhs,
     ^
/usr/include/c++/4.8/bits/basic_string.h:2442:5: note:   template argument deduction/substitution failed:
/rhome/a/aburic1/workspace/TP/Z5/Z2/main.cpp:59:29: note:   ‘VelikiBroj’ is not derived from ‘std::basic_string<_CharT, _Traits, _Alloc>’
     cout << VelikiBroj(1) + "1";
                             ^
In file included from /usr/include/c++/4.8/string:52:0,
                 from /usr/include/c++/4.8/bits/locale_classes.h:40,
                 from /usr/include/c++/4.8/bits/ios_base.h:41,
                 from /usr/include/c++/4.8/ios:42,
                 from /usr/include/c++/4.8/ostream:38,
                 from /usr/include/c++/4.8/iostream:39,
                 from /rhome/a/aburic1/workspace/TP/Z5/Z2/main.cpp:1:
/usr/include/c++/4.8/bits/basic_string.h:2436:5: note: template<class _CharT, class _Traits, class _Alloc> std::basic_string<_CharT, _Traits, _Alloc> std::operator+(const std::basic_string<_CharT, _Traits, _Alloc>&, std::basic_string<_CharT, _Traits, _Alloc>&&)
     operator+(const basic_string<_CharT, _Traits, _Alloc>& __lhs,
     ^
/usr/include/c++/4.8/bits/basic_string.h:2436:5: note:   template argument deduction/substitution failed:
/rhome/a/aburic1/workspace/TP/Z5/Z2/main.cpp:59:29: note:   ‘VelikiBroj’ is not derived from ‘const std::basic_string<_CharT, _Traits, _Alloc>’
     cout << VelikiBroj(1) + "1";
                             ^
In file included from /usr/include/c++/4.8/string:52:0,
                 from /usr/include/c++/4.8/bits/locale_classes.h:40,
                 from /usr/include/c++/4.8/bits/ios_base.h:41,
                 from /usr/include/c++/4.8/ios:42,
                 from /usr/include/c++/4.8/ostream:38,
                 from /usr/include/c++/4.8/iostream:39,
                 from /rhome/a/aburic1/workspace/TP/Z5/Z2/main.cpp:1:
/usr/include/c++/4.8/bits/basic_string.h:2430:5: note: template<class _CharT, class _Traits, class _Alloc> std::basic_string<_CharT, _Traits, _Alloc> std::operator+(std::basic_string<_CharT, _Traits, _Alloc>&&, const std::basic_string<_CharT, _Traits, _Alloc>&)
     operator+(basic_string<_CharT, _Traits, _Alloc>&& __lhs,
     ^
/usr/include/c++/4.8/bits/basic_string.h:2430:5: note:   template argument deduction/substitution failed:
/rhome/a/aburic1/workspace/TP/Z5/Z2/main.cpp:59:29: note:   ‘VelikiBroj’ is not derived from ‘std::basic_string<_CharT, _Traits, _Alloc>’
     cout << VelikiBroj(1) + "1";
                             ^
In file included from /usr/include/c++/4.8/string:52:0,
                 from /usr/include/c++/4.8/bits/locale_classes.h:40,
                 from /usr/include/c++/4.8/bits/ios_base.h:41,
                 from /usr/include/c++/4.8/ios:42,
                 from /usr/include/c++/4.8/ostream:38,
                 from /usr/include/c++/4.8/iostream:39,
                 from /rhome/a/aburic1/workspace/TP/Z5/Z2/main.cpp:1:
/usr/include/c++/4.8/bits/basic_string.h:2418:5: note: template<class _CharT, class _Traits, class _Alloc> std::basic_string<_CharT, _Traits, _Alloc> std::operator+(const std::basic_string<_CharT, _Traits, _Alloc>&, _CharT)
     operator+(const basic_string<_CharT, _Traits, _Alloc>& __lhs, _CharT __rhs)
     ^
/usr/include/c++/4.8/bits/basic_string.h:2418:5: note:   template argument deduction/substitution failed:
/rhome/a/aburic1/workspace/TP/Z5/Z2/main.cpp:59:29: note:   ‘VelikiBroj’ is not derived from ‘const std::basic_string<_CharT, _Traits, _Alloc>’
     cout << VelikiBroj(1) + "1";
                             ^
In file included from /usr/include/c++/4.8/string:52:0,
                 from /usr/include/c++/4.8/bits/locale_classes.h:40,
                 from /usr/include/c++/4.8/bits/ios_base.h:41,
                 from /usr/include/c++/4.8/ios:42,
                 from /usr/include/c++/4.8/ostream:38,
                 from /usr/include/c++/4.8/iostream:39,
                 from /rhome/a/aburic1/workspace/TP/Z5/Z2/main.cpp:1:
/usr/include/c++/4.8/bits/basic_string.h:2402:5: note: template<class _CharT, class _Traits, class _Alloc> std::basic_string<_CharT, _Traits, _Alloc> std::operator+(const std::basic_string<_CharT, _Traits, _Alloc>&, const _CharT*)
     operator+(const basic_string<_CharT, _Traits, _Alloc>& __lhs,
     ^
/usr/include/c++/4.8/bits/basic_string.h:2402:5: note:   template argument deduction/substitution failed:
/rhome/a/aburic1/workspace/TP/Z5/Z2/main.cpp:59:29: note:   ‘VelikiBroj’ is not derived from ‘const std::basic_string<_CharT, _Traits, _Alloc>’
     cout << VelikiBroj(1) + "1";
                             ^
In file included from /usr/include/c++/4.8/string:53:0,
                 from /usr/include/c++/4.8/bits/locale_classes.h:40,
                 from /usr/include/c++/4.8/bits/ios_base.h:41,
                 from /usr/include/c++/4.8/ios:42,
                 from /usr/include/c++/4.8/ostream:38,
                 from /usr/include/c++/4.8/iostream:39,
                 from /rhome/a/aburic1/workspace/TP/Z5/Z2/main.cpp:1:
/usr/include/c++/4.8/bits/basic_string.tcc:708:5: note: template<class _CharT, class _Traits, class _Alloc> std::basic_string<_CharT, _Traits, _Alloc> std::operator+(_CharT, const std::basic_string<_CharT, _Traits, _Alloc>&)
     operator+(_CharT __lhs, const basic_string<_CharT, _Traits, _Alloc>& __rhs)
     ^
/usr/include/c++/4.8/bits/basic_string.tcc:708:5: note:   template argument deduction/substitution failed:
/rhome/a/aburic1/workspace/TP/Z5/Z2/main.cpp:59:29: note:   mismatched types ‘const std::basic_string<_CharT, _Traits, _Alloc>’ and ‘const char [2]’
     cout << VelikiBroj(1) + "1";
                             ^
In file included from /usr/include/c++/4.8/string:53:0,
                 from /usr/include/c++/4.8/bits/locale_classes.h:40,
                 from /usr/include/c++/4.8/bits/ios_base.h:41,
                 from /usr/include/c++/4.8/ios:42,
                 from /usr/include/c++/4.8/ostream:38,
                 from /usr/include/c++/4.8/iostream:39,
                 from /rhome/a/aburic1/workspace/TP/Z5/Z2/main.cpp:1:
/usr/include/c++/4.8/bits/basic_string.tcc:692:5: note: template<class _CharT, class _Traits, class _Alloc> std::basic_string<_CharT, _Traits, _Alloc> std::operator+(const _CharT*, const std::basic_string<_CharT, _Traits, _Alloc>&)
     operator+(const _CharT* __lhs,
     ^
/usr/include/c++/4.8/bits/basic_string.tcc:692:5: note:   template argument deduction/substitution failed:
/rhome/a/aburic1/workspace/TP/Z5/Z2/main.cpp:59:29: note:   mismatched types ‘const _CharT*’ and ‘VelikiBroj’
     cout << VelikiBroj(1) + "1";
                             ^
In file included from /usr/include/c++/4.8/string:52:0,
                 from /usr/include/c++/4.8/bits/locale_classes.h:40,
                 from /usr/include/c++/4.8/bits/ios_base.h:41,
                 from /usr/include/c++/4.8/ios:42,
                 from /usr/include/c++/4.8/ostream:38,
                 from /usr/include/c++/4.8/iostream:39,
                 from /rhome/a/aburic1/workspace/TP/Z5/Z2/main.cpp:1:
/usr/include/c++/4.8/bits/basic_string.h:2365:5: note: template<class _CharT, class _Traits, class _Alloc> std::basic_string<_CharT, _Traits, _Alloc> std::operator+(const std::basic_string<_CharT, _Traits, _Alloc>&, const std::basic_string<_CharT, _Traits, _Alloc>&)
     operator+(const basic_string<_CharT, _Traits, _Alloc>& __lhs,
     ^
/usr/include/c++/4.8/bits/basic_string.h:2365:5: note:   template argument deduction/substitution failed:
/rhome/a/aburic1/workspace/TP/Z5/Z2/main.cpp:59:29: note:   ‘VelikiBroj’ is not derived from ‘const std::basic_string<_CharT, _Traits, _Alloc>’
     cout << VelikiBroj(1) + "1";
                             ^
In file included from /usr/include/c++/4.8/bits/stl_algobase.h:67:0,
                 from /usr/include/c++/4.8/bits/char_traits.h:39,
                 from /usr/include/c++/4.8/ios:40,
                 from /usr/include/c++/4.8/ostream:38,
                 from /usr/include/c++/4.8/iostream:39,
                 from /rhome/a/aburic1/workspace/TP/Z5/Z2/main.cpp:1:
/usr/include/c++/4.8/bits/stl_iterator.h:1118:5: note: template<class _Iterator> std::move_iterator<_Iterator> std::operator+(typename std::move_iterator<_Iterator>::difference_type, const std::move_iterator<_Iterator>&)
     operator+(typename move_iterator<_Iterator>::difference_type __n,
     ^
/usr/include/c++/4.8/bits/stl_iterator.h:1118:5: note:   template argument deduction/substitution failed:
/rhome/a/aburic1/workspace/TP/Z5/Z2/main.cpp:59:29: note:   mismatched types ‘const std::move_iterator<_Iterator>’ and ‘const char [2]’
     cout << VelikiBroj(1) + "1";
                             ^
In file included from /usr/include/c++/4.8/bits/stl_algobase.h:67:0,
                 from /usr/include/c++/4.8/bits/char_traits.h:39,
                 from /usr/include/c++/4.8/ios:40,
                 from /usr/include/c++/4.8/ostream:38,
                 from /usr/include/c++/4.8/iostream:39,
                 from /rhome/a/aburic1/workspace/TP/Z5/Z2/main.cpp:1:
/usr/include/c++/4.8/bits/stl_iterator.h:333:5: note: template<class _Iterator> std::reverse_iterator<_Iterator> std::operator+(typename std::reverse_iterator<_Iterator>::difference_type, const std::reverse_iterator<_Iterator>&)
     operator+(typename reverse_iterator<_Iterator>::difference_type __n,
     ^
/usr/include/c++/4.8/bits/stl_iterator.h:333:5: note:   template argument deduction/substitution failed:
/rhome/a/aburic1/workspace/TP/Z5/Z2/main.cpp:59:29: note:   mismatched types ‘const std::reverse_iterator<_Iterator>’ and ‘const char [2]’
     cout << VelikiBroj(1) + "1";
                             ^
